<?xml version="1.0" encoding="UTF-8"?>
<testng-results ignored="0" total="1" passed="1" failed="0" skipped="0">
  <reporter-output>
  </reporter-output>
  <suite started-at="2020-12-22T18:40:56 IST" name="Default suite" finished-at="2020-12-22T18:41:28 IST" duration-ms="31313">
    <groups>
    </groups>
    <test started-at="2020-12-22T18:40:56 IST" name="Default test" finished-at="2020-12-22T18:41:28 IST" duration-ms="31313">
      <class name="demo.TestCase1">
        <test-method is-config="true" signature="setUp()[pri:0, instance:demo.TestCase1@34f7cfd9]" started-at="2020-12-22T18:40:56 IST" name="setUp" finished-at="2020-12-22T18:41:14 IST" duration-ms="17671" status="PASS">
          <reporter-output>
          </reporter-output>
        </test-method> <!-- setUp -->
        <test-method signature="testCase1()[pri:0, instance:demo.TestCase1@34f7cfd9]" started-at="2020-12-22T18:41:15 IST" name="testCase1" finished-at="2020-12-22T18:41:27 IST" duration-ms="11993" status="PASS">
          <reporter-output>
          </reporter-output>
        </test-method> <!-- testCase1 -->
        <test-method is-config="true" signature="tearDown()[pri:0, instance:demo.TestCase1@34f7cfd9]" started-at="2020-12-22T18:41:27 IST" name="tearDown" finished-at="2020-12-22T18:41:28 IST" duration-ms="938" status="PASS">
          <reporter-output>
          </reporter-output>
        </test-method> <!-- tearDown -->
      </class> <!-- demo.TestCase1 -->
    </test> <!-- Default test -->
  </suite> <!-- Default suite -->
</testng-results>
